<?xml version="1.0" encoding="UTF-8"?>
<testsuite name="edu.touro.mco152.bm.TestEM" tests="1" skipped="0" failures="0" errors="0" timestamp="2019-09-25T01:52:03" hostname="DESKTOP-2AAC68N" time="0.003">
  <properties/>
  <testcase name="testValueOfEM()" classname="edu.touro.mco152.bm.TestEM" time="0.003"/>
  <system-out><![CDATA[]]></system-out>
  <system-err><![CDATA[]]></system-err>
</testsuite>
