<?xml version="1.0" encoding="UTF-8"?>
<testsuite name="edu.touro.mco152.bm.DiskWorkerBruteforceTest" tests="1" skipped="0" failures="0" errors="0" timestamp="2019-09-25T01:51:25" hostname="DESKTOP-2AAC68N" time="38.377">
  <properties/>
  <testcase name="sanityTestPrevSettings()" classname="edu.touro.mco152.bm.DiskWorkerBruteforceTest" time="38.377"/>
  <system-out><![CDATA[Config for Java Disk Mark 0.4
readTest: false
writeTest: true
locationDir: C:\Users\Joey
multiFile: true
autoRemoveData: false
autoReset: true
blockSequence: SEQUENTIAL
showMaxMin: true
numOfFiles: 25
numOfBlocks: 128
blockSizeKb: 2048

*** starting new worker thread
os: Windows 10

DiskModel                  DriveLetter
---------                  -----------
Samsung SSD 850 EVO 500GB  C:         
model is: Samsung SSD 850 EVO 500GB  
Mark(WRITE): 1 bwMbSec: 197.143 avg: 197.143
Mark(WRITE): 2 bwMbSec: 198.37 avg: 197.756
Mark(WRITE): 3 bwMbSec: 179.169 avg: 191.561
Mark(WRITE): 4 bwMbSec: 196.111 avg: 192.698
Mark(WRITE): 5 bwMbSec: 195.67 avg: 193.293
Mark(WRITE): 6 bwMbSec: 177.055 avg: 190.586
Mark(WRITE): 7 bwMbSec: 195.851 avg: 191.338
Mark(WRITE): 8 bwMbSec: 197.859 avg: 192.154
Mark(WRITE): 9 bwMbSec: 196.195 avg: 192.603
Mark(WRITE): 10 bwMbSec: 178.921 avg: 191.234
Mark(WRITE): 11 bwMbSec: 194.18 avg: 191.502
Mark(WRITE): 12 bwMbSec: 196.456 avg: 191.915
Mark(WRITE): 13 bwMbSec: 177.435 avg: 190.801
Mark(WRITE): 14 bwMbSec: 195.813 avg: 191.159
Mark(WRITE): 15 bwMbSec: 195.679 avg: 191.46
Mark(WRITE): 16 bwMbSec: 178.232 avg: 190.634
Mark(WRITE): 17 bwMbSec: 194.754 avg: 190.876
Mark(WRITE): 18 bwMbSec: 196.187 avg: 191.171
Mark(WRITE): 19 bwMbSec: 177.137 avg: 190.432
Mark(WRITE): 20 bwMbSec: 193.628 avg: 190.592
Mark(WRITE): 21 bwMbSec: 194.859 avg: 190.795
Mark(WRITE): 22 bwMbSec: 177.269 avg: 190.181
Mark(WRITE): 23 bwMbSec: 195.572 avg: 190.415
Mark(WRITE): 24 bwMbSec: 196.172 avg: 190.655
Mark(WRITE): 25 bwMbSec: 180.142 avg: 190.234
[EL Fine]: server: 2019-09-24 21:52:01.828--Thread(Thread[SwingWorker-pool-1-thread-1,5,main])--Configured server platform: org.eclipse.persistence.platform.server.NoServerPlatform
[EL Config]: metadata: 2019-09-24 21:52:02.14--ServerSession(1073404555)--Thread(Thread[SwingWorker-pool-1-thread-1,5,main])--The access type for the persistent class [class edu.touro.mco152.bm.persist.DiskRun] is set to [FIELD].
[EL Config]: metadata: 2019-09-24 21:52:02.187--ServerSession(1073404555)--Thread(Thread[SwingWorker-pool-1-thread-1,5,main])--The alias name for the entity class [class edu.touro.mco152.bm.persist.DiskRun] is being defaulted to: DiskRun.
[EL Config]: metadata: 2019-09-24 21:52:02.218--ServerSession(1073404555)--Thread(Thread[SwingWorker-pool-1-thread-1,5,main])--The column name for element [ioMode] is being defaulted to: IOMODE.
[EL Config]: metadata: 2019-09-24 21:52:02.218--ServerSession(1073404555)--Thread(Thread[SwingWorker-pool-1-thread-1,5,main])--The column name for element [numMarks] is being defaulted to: NUMMARKS.
[EL Config]: metadata: 2019-09-24 21:52:02.218--ServerSession(1073404555)--Thread(Thread[SwingWorker-pool-1-thread-1,5,main])--The column name for element [runMin] is being defaulted to: RUNMIN.
[EL Config]: metadata: 2019-09-24 21:52:02.218--ServerSession(1073404555)--Thread(Thread[SwingWorker-pool-1-thread-1,5,main])--The column name for element [runAvg] is being defaulted to: RUNAVG.
[EL Config]: metadata: 2019-09-24 21:52:02.218--ServerSession(1073404555)--Thread(Thread[SwingWorker-pool-1-thread-1,5,main])--The column name for element [diskInfo] is being defaulted to: DISKINFO.
[EL Config]: metadata: 2019-09-24 21:52:02.218--ServerSession(1073404555)--Thread(Thread[SwingWorker-pool-1-thread-1,5,main])--The column name for element [totalMarks] is being defaulted to: TOTALMARKS.
[EL Config]: metadata: 2019-09-24 21:52:02.218--ServerSession(1073404555)--Thread(Thread[SwingWorker-pool-1-thread-1,5,main])--The column name for element [blockOrder] is being defaulted to: BLOCKORDER.
[EL Config]: metadata: 2019-09-24 21:52:02.218--ServerSession(1073404555)--Thread(Thread[SwingWorker-pool-1-thread-1,5,main])--The column name for element [blockSize] is being defaulted to: BLOCKSIZE.
[EL Config]: metadata: 2019-09-24 21:52:02.218--ServerSession(1073404555)--Thread(Thread[SwingWorker-pool-1-thread-1,5,main])--The column name for element [txSize] is being defaulted to: TXSIZE.
[EL Config]: metadata: 2019-09-24 21:52:02.218--ServerSession(1073404555)--Thread(Thread[SwingWorker-pool-1-thread-1,5,main])--The column name for element [numBlocks] is being defaulted to: NUMBLOCKS.
[EL Config]: metadata: 2019-09-24 21:52:02.218--ServerSession(1073404555)--Thread(Thread[SwingWorker-pool-1-thread-1,5,main])--The column name for element [runMax] is being defaulted to: RUNMAX.
[EL Config]: metadata: 2019-09-24 21:52:02.218--ServerSession(1073404555)--Thread(Thread[SwingWorker-pool-1-thread-1,5,main])--The column name for element [startTime] is being defaulted to: STARTTIME.
[EL Config]: metadata: 2019-09-24 21:52:02.218--ServerSession(1073404555)--Thread(Thread[SwingWorker-pool-1-thread-1,5,main])--The column name for element [id] is being defaulted to: ID.
[EL Config]: metadata: 2019-09-24 21:52:02.218--ServerSession(1073404555)--Thread(Thread[SwingWorker-pool-1-thread-1,5,main])--The column name for element [endTime] is being defaulted to: ENDTIME.
[EL Info]: 2019-09-24 21:52:02.546--ServerSession(1073404555)--Thread(Thread[SwingWorker-pool-1-thread-1,5,main])--EclipseLink, version: Eclipse Persistence Services - 2.7.4.v20190115-ad5b7c6b2a
[EL Fine]: connection: 2019-09-24 21:52:03.281--Thread(Thread[SwingWorker-pool-1-thread-1,5,main])--Detected database platform: org.eclipse.persistence.platform.database.JavaDBPlatform
[EL Config]: connection: 2019-09-24 21:52:03.296--ServerSession(1073404555)--Connection(870005477)--Thread(Thread[SwingWorker-pool-1-thread-1,5,main])--connecting(DatabaseLogin(
	platform=>JavaDBPlatform
	user name=> ""
	datasource URL=> "jdbc:derby:derbyDB;create=true"
))
[EL Config]: connection: 2019-09-24 21:52:03.296--ServerSession(1073404555)--Connection(2033258811)--Thread(Thread[SwingWorker-pool-1-thread-1,5,main])--Connected: jdbc:derby:derbyDB
	User: APP
	Database: Apache Derby  Version: 10.13.1.1 - (1765088)
	Driver: Apache Derby Embedded JDBC Driver  Version: 10.13.1.1 - (1765088)
[EL Info]: connection: 2019-09-24 21:52:03.421--ServerSession(1073404555)--Thread(Thread[SwingWorker-pool-1-thread-1,5,main])--/file:/C:/Users/Joey/Desktop/mco152a/mco152a/build/classes/java/main/_jDiskMarkPU login successful
[EL Fine]: sql: 2019-09-24 21:52:03.859--ClientSession(2023855206)--Connection(2033258811)--Thread(Thread[SwingWorker-pool-1-thread-1,5,main])--INSERT INTO DiskRun (BLOCKORDER, BLOCKSIZE, DISKINFO, ENDTIME, IOMODE, NUMBLOCKS, NUMMARKS, RUNAVG, RUNMAX, RUNMIN, STARTTIME, TOTALMARKS, TXSIZE) VALUES (?, ?, ?, ?, ?, ?, ?, ?, ?, ?, ?, ?, ?)
	bind => [0, 2048, Samsung SSD 850 EVO 500GB  , 2019-09-24 21:52:01.158, 1, 128, 25, 190.23435005782656, 198.3698492706847, 177.05515911414602, 2019-09-24 21:51:26.489, 0, 6553600]
[EL Fine]: sql: 2019-09-24 21:52:03.937--ClientSession(2023855206)--Connection(2033258811)--Thread(Thread[SwingWorker-pool-1-thread-1,5,main])--values IDENTITY_VAL_LOCAL()
]]></system-out>
  <system-err><![CDATA[]]></system-err>
</testsuite>
